Performing C SOURCE FILE Test CMAKE_HAVE_LIBC_PTHREAD failed with the following output:
Change Dir: /home/theresa/catkin_vi/src/target_tracking/cmake-build-debug/CMakeFiles/CMakeTmp

Run Build Command(s):/usr/bin/make cmTC_06b72/fast && /usr/bin/make -f CMakeFiles/cmTC_06b72.dir/build.make CMakeFiles/cmTC_06b72.dir/build
make[1]: Entering directory '/home/theresa/catkin_vi/src/target_tracking/cmake-build-debug/CMakeFiles/CMakeTmp'
Building C object CMakeFiles/cmTC_06b72.dir/src.c.o
/usr/bin/cc   -DCMAKE_HAVE_LIBC_PTHREAD   -o CMakeFiles/cmTC_06b72.dir/src.c.o   -c /home/theresa/catkin_vi/src/target_tracking/cmake-build-debug/CMakeFiles/CMakeTmp/src.c
Linking C executable cmTC_06b72
/home/theresa/CLion-2019.3.5/clion-2019.3.5/bin/cmake/linux/bin/cmake -E cmake_link_script CMakeFiles/cmTC_06b72.dir/link.txt --verbose=1
/usr/bin/cc  -DCMAKE_HAVE_LIBC_PTHREAD    -rdynamic CMakeFiles/cmTC_06b72.dir/src.c.o  -o cmTC_06b72 
CMakeFiles/cmTC_06b72.dir/src.c.o: In function `main':
src.c:(.text+0x3e): undefined reference to `pthread_create'
src.c:(.text+0x4a): undefined reference to `pthread_detach'
src.c:(.text+0x5b): undefined reference to `pthread_join'
src.c:(.text+0x6f): undefined reference to `pthread_atfork'
collect2: error: ld returned 1 exit status
CMakeFiles/cmTC_06b72.dir/build.make:86: recipe for target 'cmTC_06b72' failed
make[1]: *** [cmTC_06b72] Error 1
make[1]: Leaving directory '/home/theresa/catkin_vi/src/target_tracking/cmake-build-debug/CMakeFiles/CMakeTmp'
Makefile:121: recipe for target 'cmTC_06b72/fast' failed
make: *** [cmTC_06b72/fast] Error 2


Source file was:
#include <pthread.h>

void* test_func(void* data)
{
  return data;
}

int main(void)
{
  pthread_t thread;
  pthread_create(&thread, NULL, test_func, NULL);
  pthread_detach(thread);
  pthread_join(thread, NULL);
  pthread_atfork(NULL, NULL, NULL);
  pthread_exit(NULL);

  return 0;
}

Determining if the function pthread_create exists in the pthreads failed with the following output:
Change Dir: /home/theresa/catkin_vi/src/target_tracking/cmake-build-debug/CMakeFiles/CMakeTmp

Run Build Command(s):/usr/bin/make cmTC_623a9/fast && /usr/bin/make -f CMakeFiles/cmTC_623a9.dir/build.make CMakeFiles/cmTC_623a9.dir/build
make[1]: Entering directory '/home/theresa/catkin_vi/src/target_tracking/cmake-build-debug/CMakeFiles/CMakeTmp'
Building C object CMakeFiles/cmTC_623a9.dir/CheckFunctionExists.c.o
/usr/bin/cc   -DCHECK_FUNCTION_EXISTS=pthread_create   -o CMakeFiles/cmTC_623a9.dir/CheckFunctionExists.c.o   -c /home/theresa/CLion-2019.3.5/clion-2019.3.5/bin/cmake/linux/share/cmake-3.15/Modules/CheckFunctionExists.c
Linking C executable cmTC_623a9
/home/theresa/CLion-2019.3.5/clion-2019.3.5/bin/cmake/linux/bin/cmake -E cmake_link_script CMakeFiles/cmTC_623a9.dir/link.txt --verbose=1
/usr/bin/cc  -DCHECK_FUNCTION_EXISTS=pthread_create    -rdynamic CMakeFiles/cmTC_623a9.dir/CheckFunctionExists.c.o  -o cmTC_623a9 -lpthreads 
/usr/bin/ld: cannot find -lpthreads
collect2: error: ld returned 1 exit status
CMakeFiles/cmTC_623a9.dir/build.make:86: recipe for target 'cmTC_623a9' failed
make[1]: *** [cmTC_623a9] Error 1
make[1]: Leaving directory '/home/theresa/catkin_vi/src/target_tracking/cmake-build-debug/CMakeFiles/CMakeTmp'
Makefile:121: recipe for target 'cmTC_623a9/fast' failed
make: *** [cmTC_623a9/fast] Error 2



